[     282ms] TypeError: Cannot read properties of undefined (reading 'invoke')
    at invoke (http://localhost:1420/node_modules/.vite/deps/chunk-G7S6KQDI.js?v=2a95f72c:109:37)
    at Module.settingsGet (http://localhost:1420/src/lib/ipc.ts:15:37)
    at fetchTheme (http://localhost:1420/src/stores/settingsStore.ts:13:27)
    at http://localhost:1420/src/App.tsx:33:5
    at Object.react_stack_bottom_frame (http://localhost:1420/node_modules/.vite/deps/react-dom_client.js?v=2a95f72c:18567:20)
    at runWithFiberInDEV (http://localhost:1420/node_modules/.vite/deps/react-dom_client.js?v=2a95f72c:997:72)
    at commitHookEffectListMount (http://localhost:1420/node_modules/.vite/deps/react-dom_client.js?v=2a95f72c:9411:163)
    at commitHookPassiveMountEffects (http://localhost:1420/node_modules/.vite/deps/react-dom_client.js?v=2a95f72c:9465:60)
    at commitPassiveMountOnFiber (http://localhost:1420/node_modules/.vite/deps/react-dom_client.js?v=2a95f72c:11040:29)
    at recursivelyTraversePassiveMountEffects (http://localhost:1420/node_modules/.vite/deps/react-dom_client.js?v=2a95f72c:11010:13)
[     284ms] TypeError: Cannot read properties of undefined (reading 'transformCallback')
    at transformCallback (http://localhost:1420/node_modules/.vite/deps/chunk-G7S6KQDI.js?v=2a95f72c:22:37)
    at listen (http://localhost:1420/node_modules/.vite/deps/@tauri-apps_api_event.js?v=2a95f72c:38:14)
    at listenEvents (http://localhost:1420/src/stores/notificationsStore.ts:83:5)
    at http://localhost:1420/src/App.tsx:34:35
    at Object.react_stack_bottom_frame (http://localhost:1420/node_modules/.vite/deps/react-dom_client.js?v=2a95f72c:18567:20)
    at runWithFiberInDEV (http://localhost:1420/node_modules/.vite/deps/react-dom_client.js?v=2a95f72c:997:72)
    at commitHookEffectListMount (http://localhost:1420/node_modules/.vite/deps/react-dom_client.js?v=2a95f72c:9411:163)
    at commitHookPassiveMountEffects (http://localhost:1420/node_modules/.vite/deps/react-dom_client.js?v=2a95f72c:9465:60)
    at commitPassiveMountOnFiber (http://localhost:1420/node_modules/.vite/deps/react-dom_client.js?v=2a95f72c:11040:29)
    at recursivelyTraversePassiveMountEffects (http://localhost:1420/node_modules/.vite/deps/react-dom_client.js?v=2a95f72c:11010:13)
[     285ms] TypeError: Cannot read properties of undefined (reading 'transformCallback')
    at transformCallback (http://localhost:1420/node_modules/.vite/deps/chunk-G7S6KQDI.js?v=2a95f72c:22:37)
    at listen (http://localhost:1420/node_modules/.vite/deps/@tauri-apps_api_event.js?v=2a95f72c:38:14)
    at listenSyncDone (http://localhost:1420/src/stores/prStore.ts:157:5)
    at http://localhost:1420/src/App.tsx:36:28
    at Object.react_stack_bottom_frame (http://localhost:1420/node_modules/.vite/deps/react-dom_client.js?v=2a95f72c:18567:20)
    at runWithFiberInDEV (http://localhost:1420/node_modules/.vite/deps/react-dom_client.js?v=2a95f72c:997:72)
    at commitHookEffectListMount (http://localhost:1420/node_modules/.vite/deps/react-dom_client.js?v=2a95f72c:9411:163)
    at commitHookPassiveMountEffects (http://localhost:1420/node_modules/.vite/deps/react-dom_client.js?v=2a95f72c:9465:60)
    at commitPassiveMountOnFiber (http://localhost:1420/node_modules/.vite/deps/react-dom_client.js?v=2a95f72c:11040:29)
    at recursivelyTraversePassiveMountEffects (http://localhost:1420/node_modules/.vite/deps/react-dom_client.js?v=2a95f72c:11010:13)
[     286ms] TypeError: Cannot read properties of undefined (reading 'transformCallback')
    at transformCallback (http://localhost:1420/node_modules/.vite/deps/chunk-G7S6KQDI.js?v=2a95f72c:22:37)
    at listen (http://localhost:1420/node_modules/.vite/deps/@tauri-apps_api_event.js?v=2a95f72c:38:14)
    at http://localhost:1420/src/App.tsx:38:5
    at Object.react_stack_bottom_frame (http://localhost:1420/node_modules/.vite/deps/react-dom_client.js?v=2a95f72c:18567:20)
    at runWithFiberInDEV (http://localhost:1420/node_modules/.vite/deps/react-dom_client.js?v=2a95f72c:997:72)
    at commitHookEffectListMount (http://localhost:1420/node_modules/.vite/deps/react-dom_client.js?v=2a95f72c:9411:163)
    at commitHookPassiveMountEffects (http://localhost:1420/node_modules/.vite/deps/react-dom_client.js?v=2a95f72c:9465:60)
    at commitPassiveMountOnFiber (http://localhost:1420/node_modules/.vite/deps/react-dom_client.js?v=2a95f72c:11040:29)
    at recursivelyTraversePassiveMountEffects (http://localhost:1420/node_modules/.vite/deps/react-dom_client.js?v=2a95f72c:11010:13)
    at commitPassiveMountOnFiber (http://localhost:1420/node_modules/.vite/deps/react-dom_client.js?v=2a95f72c:11201:13)
[     287ms] TypeError: Cannot read properties of undefined (reading 'invoke')
    at invoke (http://localhost:1420/node_modules/.vite/deps/chunk-G7S6KQDI.js?v=2a95f72c:109:37)
    at Module.settingsGet (http://localhost:1420/src/lib/ipc.ts:15:37)
    at fetchTheme (http://localhost:1420/src/stores/settingsStore.ts:13:27)
    at http://localhost:1420/src/App.tsx:33:5
    at Object.react_stack_bottom_frame (http://localhost:1420/node_modules/.vite/deps/react-dom_client.js?v=2a95f72c:18567:20)
    at runWithFiberInDEV (http://localhost:1420/node_modules/.vite/deps/react-dom_client.js?v=2a95f72c:997:72)
    at commitHookEffectListMount (http://localhost:1420/node_modules/.vite/deps/react-dom_client.js?v=2a95f72c:9411:163)
    at commitHookPassiveMountEffects (http://localhost:1420/node_modules/.vite/deps/react-dom_client.js?v=2a95f72c:9465:60)
    at reconnectPassiveEffects (http://localhost:1420/node_modules/.vite/deps/react-dom_client.js?v=2a95f72c:11273:13)
    at recursivelyTraverseReconnectPassiveEffects (http://localhost:1420/node_modules/.vite/deps/react-dom_client.js?v=2a95f72c:11240:11)
[     287ms] TypeError: Cannot read properties of undefined (reading 'transformCallback')
    at transformCallback (http://localhost:1420/node_modules/.vite/deps/chunk-G7S6KQDI.js?v=2a95f72c:22:37)
    at listen (http://localhost:1420/node_modules/.vite/deps/@tauri-apps_api_event.js?v=2a95f72c:38:14)
    at listenEvents (http://localhost:1420/src/stores/notificationsStore.ts:83:5)
    at http://localhost:1420/src/App.tsx:34:35
    at Object.react_stack_bottom_frame (http://localhost:1420/node_modules/.vite/deps/react-dom_client.js?v=2a95f72c:18567:20)
    at runWithFiberInDEV (http://localhost:1420/node_modules/.vite/deps/react-dom_client.js?v=2a95f72c:997:72)
    at commitHookEffectListMount (http://localhost:1420/node_modules/.vite/deps/react-dom_client.js?v=2a95f72c:9411:163)
    at commitHookPassiveMountEffects (http://localhost:1420/node_modules/.vite/deps/react-dom_client.js?v=2a95f72c:9465:60)
    at reconnectPassiveEffects (http://localhost:1420/node_modules/.vite/deps/react-dom_client.js?v=2a95f72c:11273:13)
    at recursivelyTraverseReconnectPassiveEffects (http://localhost:1420/node_modules/.vite/deps/react-dom_client.js?v=2a95f72c:11240:11)
[     288ms] TypeError: Cannot read properties of undefined (reading 'transformCallback')
    at transformCallback (http://localhost:1420/node_modules/.vite/deps/chunk-G7S6KQDI.js?v=2a95f72c:22:37)
    at listen (http://localhost:1420/node_modules/.vite/deps/@tauri-apps_api_event.js?v=2a95f72c:38:14)
    at listenSyncDone (http://localhost:1420/src/stores/prStore.ts:157:5)
    at http://localhost:1420/src/App.tsx:36:28
    at Object.react_stack_bottom_frame (http://localhost:1420/node_modules/.vite/deps/react-dom_client.js?v=2a95f72c:18567:20)
    at runWithFiberInDEV (http://localhost:1420/node_modules/.vite/deps/react-dom_client.js?v=2a95f72c:997:72)
    at commitHookEffectListMount (http://localhost:1420/node_modules/.vite/deps/react-dom_client.js?v=2a95f72c:9411:163)
    at commitHookPassiveMountEffects (http://localhost:1420/node_modules/.vite/deps/react-dom_client.js?v=2a95f72c:9465:60)
    at reconnectPassiveEffects (http://localhost:1420/node_modules/.vite/deps/react-dom_client.js?v=2a95f72c:11273:13)
    at recursivelyTraverseReconnectPassiveEffects (http://localhost:1420/node_modules/.vite/deps/react-dom_client.js?v=2a95f72c:11240:11)
[     291ms] TypeError: Cannot read properties of undefined (reading 'transformCallback')
    at transformCallback (http://localhost:1420/node_modules/.vite/deps/chunk-G7S6KQDI.js?v=2a95f72c:22:37)
    at listen (http://localhost:1420/node_modules/.vite/deps/@tauri-apps_api_event.js?v=2a95f72c:38:14)
    at http://localhost:1420/src/App.tsx:38:5
    at Object.react_stack_bottom_frame (http://localhost:1420/node_modules/.vite/deps/react-dom_client.js?v=2a95f72c:18567:20)
    at runWithFiberInDEV (http://localhost:1420/node_modules/.vite/deps/react-dom_client.js?v=2a95f72c:997:72)
    at commitHookEffectListMount (http://localhost:1420/node_modules/.vite/deps/react-dom_client.js?v=2a95f72c:9411:163)
    at commitHookPassiveMountEffects (http://localhost:1420/node_modules/.vite/deps/react-dom_client.js?v=2a95f72c:9465:60)
    at reconnectPassiveEffects (http://localhost:1420/node_modules/.vite/deps/react-dom_client.js?v=2a95f72c:11273:13)
    at recursivelyTraverseReconnectPassiveEffects (http://localhost:1420/node_modules/.vite/deps/react-dom_client.js?v=2a95f72c:11240:11)
    at reconnectPassiveEffects (http://localhost:1420/node_modules/.vite/deps/react-dom_client.js?v=2a95f72c:11317:13)
[ 1074987ms] Error: no such table: settings
    at Object.invoke (<anonymous>:16:31)
    at async fetchTheme (http://localhost:1420/src/stores/settingsStore.ts:13:17)
[ 1074987ms] Error: no such table: settings
    at Object.invoke (<anonymous>:16:31)
    at async fetchTheme (http://localhost:1420/src/stores/settingsStore.ts:13:17)
[ 1311887ms] SyntaxError: Unexpected token 's', "system" is not valid JSON
    at JSON.parse (<anonymous>)
    at fetchTheme (http://localhost:1420/src/stores/settingsStore.ts:15:27)
[ 1311888ms] SyntaxError: Unexpected token 's', "system" is not valid JSON
    at JSON.parse (<anonymous>)
    at fetchTheme (http://localhost:1420/src/stores/settingsStore.ts:15:27)
[ 2298077ms] TypeError: Cannot read properties of undefined (reading 'unregisterListener')
    at _unlisten (http://localhost:1420/node_modules/.vite/deps/@tauri-apps_api_event.js?v=2a95f72c:26:43)
    at http://localhost:1420/node_modules/.vite/deps/@tauri-apps_api_event.js?v=2a95f72c:40:24
    at http://localhost:1420/src/screens/EditorScreen.tsx:44:27
    at Object.react_stack_bottom_frame (http://localhost:1420/node_modules/.vite/deps/react-dom_client.js?v=2a95f72c:18573:13)
    at runWithFiberInDEV (http://localhost:1420/node_modules/.vite/deps/react-dom_client.js?v=2a95f72c:997:72)
    at commitHookEffectListUnmount (http://localhost:1420/node_modules/.vite/deps/react-dom_client.js?v=2a95f72c:9449:160)
    at commitHookPassiveUnmountEffects (http://localhost:1420/node_modules/.vite/deps/react-dom_client.js?v=2a95f72c:9468:60)
    at commitPassiveUnmountEffectsInsideOfDeletedTree_begin (http://localhost:1420/node_modules/.vite/deps/react-dom_client.js?v=2a95f72c:11593:15)
    at recursivelyTraversePassiveUnmountEffects (http://localhost:1420/node_modules/.vite/deps/react-dom_client.js?v=2a95f72c:11465:15)
    at commitPassiveUnmountOnFiber (http://localhost:1420/node_modules/.vite/deps/react-dom_client.js?v=2a95f72c:11516:13)
[ 2298802ms] TypeError: Cannot read properties of undefined (reading 'unregisterListener')
    at _unlisten (http://localhost:1420/node_modules/.vite/deps/@tauri-apps_api_event.js?v=2a95f72c:26:43)
    at http://localhost:1420/node_modules/.vite/deps/@tauri-apps_api_event.js?v=2a95f72c:40:24
    at http://localhost:1420/src/screens/IssuesScreen.tsx:62:21
    at Object.react_stack_bottom_frame (http://localhost:1420/node_modules/.vite/deps/react-dom_client.js?v=2a95f72c:18573:13)
    at runWithFiberInDEV (http://localhost:1420/node_modules/.vite/deps/react-dom_client.js?v=2a95f72c:997:72)
    at commitHookEffectListUnmount (http://localhost:1420/node_modules/.vite/deps/react-dom_client.js?v=2a95f72c:9449:160)
    at commitHookPassiveUnmountEffects (http://localhost:1420/node_modules/.vite/deps/react-dom_client.js?v=2a95f72c:9468:60)
    at commitPassiveUnmountEffectsInsideOfDeletedTree_begin (http://localhost:1420/node_modules/.vite/deps/react-dom_client.js?v=2a95f72c:11593:15)
    at recursivelyTraversePassiveUnmountEffects (http://localhost:1420/node_modules/.vite/deps/react-dom_client.js?v=2a95f72c:11465:15)
    at commitPassiveUnmountOnFiber (http://localhost:1420/node_modules/.vite/deps/react-dom_client.js?v=2a95f72c:11516:13)
[ 2298802ms] TypeError: Cannot read properties of undefined (reading 'unregisterListener')
    at _unlisten (http://localhost:1420/node_modules/.vite/deps/@tauri-apps_api_event.js?v=2a95f72c:26:43)
    at http://localhost:1420/node_modules/.vite/deps/@tauri-apps_api_event.js?v=2a95f72c:40:24
    at http://localhost:1420/src/screens/IssuesScreen.tsx:63:20
    at Object.react_stack_bottom_frame (http://localhost:1420/node_modules/.vite/deps/react-dom_client.js?v=2a95f72c:18573:13)
    at runWithFiberInDEV (http://localhost:1420/node_modules/.vite/deps/react-dom_client.js?v=2a95f72c:997:72)
    at commitHookEffectListUnmount (http://localhost:1420/node_modules/.vite/deps/react-dom_client.js?v=2a95f72c:9449:160)
    at commitHookPassiveUnmountEffects (http://localhost:1420/node_modules/.vite/deps/react-dom_client.js?v=2a95f72c:9468:60)
    at commitPassiveUnmountEffectsInsideOfDeletedTree_begin (http://localhost:1420/node_modules/.vite/deps/react-dom_client.js?v=2a95f72c:11593:15)
    at recursivelyTraversePassiveUnmountEffects (http://localhost:1420/node_modules/.vite/deps/react-dom_client.js?v=2a95f72c:11465:15)
    at commitPassiveUnmountOnFiber (http://localhost:1420/node_modules/.vite/deps/react-dom_client.js?v=2a95f72c:11516:13)
[ 2378545ms] TypeError: Cannot read properties of undefined (reading 'unregisterListener')
    at _unlisten (http://localhost:1420/node_modules/.vite/deps/@tauri-apps_api_event.js?v=2a95f72c:26:43)
    at http://localhost:1420/node_modules/.vite/deps/@tauri-apps_api_event.js?v=2a95f72c:40:24
    at http://localhost:1420/src/screens/EditorScreen.tsx:44:27
    at Object.react_stack_bottom_frame (http://localhost:1420/node_modules/.vite/deps/react-dom_client.js?v=2a95f72c:18573:13)
    at runWithFiberInDEV (http://localhost:1420/node_modules/.vite/deps/react-dom_client.js?v=2a95f72c:997:72)
    at commitHookEffectListUnmount (http://localhost:1420/node_modules/.vite/deps/react-dom_client.js?v=2a95f72c:9449:160)
    at commitHookPassiveUnmountEffects (http://localhost:1420/node_modules/.vite/deps/react-dom_client.js?v=2a95f72c:9468:60)
    at commitPassiveUnmountEffectsInsideOfDeletedTree_begin (http://localhost:1420/node_modules/.vite/deps/react-dom_client.js?v=2a95f72c:11593:15)
    at recursivelyTraversePassiveUnmountEffects (http://localhost:1420/node_modules/.vite/deps/react-dom_client.js?v=2a95f72c:11465:15)
    at commitPassiveUnmountOnFiber (http://localhost:1420/node_modules/.vite/deps/react-dom_client.js?v=2a95f72c:11516:13)
[ 2390812ms] TypeError: Cannot read properties of undefined (reading 'unregisterListener')
    at _unlisten (http://localhost:1420/node_modules/.vite/deps/@tauri-apps_api_event.js?v=2a95f72c:26:43)
    at http://localhost:1420/node_modules/.vite/deps/@tauri-apps_api_event.js?v=2a95f72c:40:24
    at http://localhost:1420/src/screens/IssuesScreen.tsx:62:21
    at Object.react_stack_bottom_frame (http://localhost:1420/node_modules/.vite/deps/react-dom_client.js?v=2a95f72c:18573:13)
    at runWithFiberInDEV (http://localhost:1420/node_modules/.vite/deps/react-dom_client.js?v=2a95f72c:997:72)
    at commitHookEffectListUnmount (http://localhost:1420/node_modules/.vite/deps/react-dom_client.js?v=2a95f72c:9449:160)
    at commitHookPassiveUnmountEffects (http://localhost:1420/node_modules/.vite/deps/react-dom_client.js?v=2a95f72c:9468:60)
    at commitPassiveUnmountEffectsInsideOfDeletedTree_begin (http://localhost:1420/node_modules/.vite/deps/react-dom_client.js?v=2a95f72c:11593:15)
    at recursivelyTraversePassiveUnmountEffects (http://localhost:1420/node_modules/.vite/deps/react-dom_client.js?v=2a95f72c:11465:15)
    at commitPassiveUnmountOnFiber (http://localhost:1420/node_modules/.vite/deps/react-dom_client.js?v=2a95f72c:11516:13)
[ 2390812ms] TypeError: Cannot read properties of undefined (reading 'unregisterListener')
    at _unlisten (http://localhost:1420/node_modules/.vite/deps/@tauri-apps_api_event.js?v=2a95f72c:26:43)
    at http://localhost:1420/node_modules/.vite/deps/@tauri-apps_api_event.js?v=2a95f72c:40:24
    at http://localhost:1420/src/screens/IssuesScreen.tsx:63:20
    at Object.react_stack_bottom_frame (http://localhost:1420/node_modules/.vite/deps/react-dom_client.js?v=2a95f72c:18573:13)
    at runWithFiberInDEV (http://localhost:1420/node_modules/.vite/deps/react-dom_client.js?v=2a95f72c:997:72)
    at commitHookEffectListUnmount (http://localhost:1420/node_modules/.vite/deps/react-dom_client.js?v=2a95f72c:9449:160)
    at commitHookPassiveUnmountEffects (http://localhost:1420/node_modules/.vite/deps/react-dom_client.js?v=2a95f72c:9468:60)
    at commitPassiveUnmountEffectsInsideOfDeletedTree_begin (http://localhost:1420/node_modules/.vite/deps/react-dom_client.js?v=2a95f72c:11593:15)
    at recursivelyTraversePassiveUnmountEffects (http://localhost:1420/node_modules/.vite/deps/react-dom_client.js?v=2a95f72c:11465:15)
    at commitPassiveUnmountOnFiber (http://localhost:1420/node_modules/.vite/deps/react-dom_client.js?v=2a95f72c:11516:13)
[ 3402687ms] TypeError: Cannot read properties of undefined (reading 'unregisterListener')
    at _unlisten (http://localhost:1420/node_modules/.vite/deps/@tauri-apps_api_event.js?v=2a95f72c:26:43)
    at http://localhost:1420/node_modules/.vite/deps/@tauri-apps_api_event.js?v=2a95f72c:40:24
    at http://localhost:1420/src/screens/SettingsScreen.tsx:49:29
    at Object.react_stack_bottom_frame (http://localhost:1420/node_modules/.vite/deps/react-dom_client.js?v=2a95f72c:18573:13)
    at runWithFiberInDEV (http://localhost:1420/node_modules/.vite/deps/react-dom_client.js?v=2a95f72c:997:72)
    at commitHookEffectListUnmount (http://localhost:1420/node_modules/.vite/deps/react-dom_client.js?v=2a95f72c:9449:160)
    at commitHookPassiveUnmountEffects (http://localhost:1420/node_modules/.vite/deps/react-dom_client.js?v=2a95f72c:9468:60)
    at commitPassiveUnmountEffectsInsideOfDeletedTree_begin (http://localhost:1420/node_modules/.vite/deps/react-dom_client.js?v=2a95f72c:11593:15)
    at recursivelyTraversePassiveUnmountEffects (http://localhost:1420/node_modules/.vite/deps/react-dom_client.js?v=2a95f72c:11465:15)
    at commitPassiveUnmountOnFiber (http://localhost:1420/node_modules/.vite/deps/react-dom_client.js?v=2a95f72c:11516:13)
[ 3589253ms] TypeError: Cannot read properties of undefined (reading 'unregisterListener')
    at _unlisten (http://localhost:1420/node_modules/.vite/deps/@tauri-apps_api_event.js?v=2a95f72c:26:43)
    at http://localhost:1420/node_modules/.vite/deps/@tauri-apps_api_event.js?v=2a95f72c:40:24
    at http://localhost:1420/src/screens/EditorScreen.tsx:44:27
    at Object.react_stack_bottom_frame (http://localhost:1420/node_modules/.vite/deps/react-dom_client.js?v=2a95f72c:18573:13)
    at runWithFiberInDEV (http://localhost:1420/node_modules/.vite/deps/react-dom_client.js?v=2a95f72c:997:72)
    at commitHookEffectListUnmount (http://localhost:1420/node_modules/.vite/deps/react-dom_client.js?v=2a95f72c:9449:160)
    at commitHookPassiveUnmountEffects (http://localhost:1420/node_modules/.vite/deps/react-dom_client.js?v=2a95f72c:9468:60)
    at commitPassiveUnmountEffectsInsideOfDeletedTree_begin (http://localhost:1420/node_modules/.vite/deps/react-dom_client.js?v=2a95f72c:11593:15)
    at recursivelyTraversePassiveUnmountEffects (http://localhost:1420/node_modules/.vite/deps/react-dom_client.js?v=2a95f72c:11465:15)
    at commitPassiveUnmountOnFiber (http://localhost:1420/node_modules/.vite/deps/react-dom_client.js?v=2a95f72c:11516:13)
[ 3616508ms] TypeError: Cannot read properties of undefined (reading 'unregisterListener')
    at _unlisten (http://localhost:1420/node_modules/.vite/deps/@tauri-apps_api_event.js?v=2a95f72c:26:43)
    at http://localhost:1420/node_modules/.vite/deps/@tauri-apps_api_event.js?v=2a95f72c:40:24
    at http://localhost:1420/src/screens/IssuesScreen.tsx:62:21
    at Object.react_stack_bottom_frame (http://localhost:1420/node_modules/.vite/deps/react-dom_client.js?v=2a95f72c:18573:13)
    at runWithFiberInDEV (http://localhost:1420/node_modules/.vite/deps/react-dom_client.js?v=2a95f72c:997:72)
    at commitHookEffectListUnmount (http://localhost:1420/node_modules/.vite/deps/react-dom_client.js?v=2a95f72c:9449:160)
    at commitHookPassiveUnmountEffects (http://localhost:1420/node_modules/.vite/deps/react-dom_client.js?v=2a95f72c:9468:60)
    at commitPassiveUnmountEffectsInsideOfDeletedTree_begin (http://localhost:1420/node_modules/.vite/deps/react-dom_client.js?v=2a95f72c:11593:15)
    at recursivelyTraversePassiveUnmountEffects (http://localhost:1420/node_modules/.vite/deps/react-dom_client.js?v=2a95f72c:11465:15)
    at commitPassiveUnmountOnFiber (http://localhost:1420/node_modules/.vite/deps/react-dom_client.js?v=2a95f72c:11516:13)
[ 3616508ms] TypeError: Cannot read properties of undefined (reading 'unregisterListener')
    at _unlisten (http://localhost:1420/node_modules/.vite/deps/@tauri-apps_api_event.js?v=2a95f72c:26:43)
    at http://localhost:1420/node_modules/.vite/deps/@tauri-apps_api_event.js?v=2a95f72c:40:24
    at http://localhost:1420/src/screens/IssuesScreen.tsx:63:20
    at Object.react_stack_bottom_frame (http://localhost:1420/node_modules/.vite/deps/react-dom_client.js?v=2a95f72c:18573:13)
    at runWithFiberInDEV (http://localhost:1420/node_modules/.vite/deps/react-dom_client.js?v=2a95f72c:997:72)
    at commitHookEffectListUnmount (http://localhost:1420/node_modules/.vite/deps/react-dom_client.js?v=2a95f72c:9449:160)
    at commitHookPassiveUnmountEffects (http://localhost:1420/node_modules/.vite/deps/react-dom_client.js?v=2a95f72c:9468:60)
    at commitPassiveUnmountEffectsInsideOfDeletedTree_begin (http://localhost:1420/node_modules/.vite/deps/react-dom_client.js?v=2a95f72c:11593:15)
    at recursivelyTraversePassiveUnmountEffects (http://localhost:1420/node_modules/.vite/deps/react-dom_client.js?v=2a95f72c:11465:15)
    at commitPassiveUnmountOnFiber (http://localhost:1420/node_modules/.vite/deps/react-dom_client.js?v=2a95f72c:11516:13)
[ 3617309ms] TypeError: Cannot read properties of undefined (reading 'unregisterListener')
    at _unlisten (http://localhost:1420/node_modules/.vite/deps/@tauri-apps_api_event.js?v=2a95f72c:26:43)
    at http://localhost:1420/node_modules/.vite/deps/@tauri-apps_api_event.js?v=2a95f72c:40:24
    at http://localhost:1420/src/screens/EditorScreen.tsx:44:27
    at Object.react_stack_bottom_frame (http://localhost:1420/node_modules/.vite/deps/react-dom_client.js?v=2a95f72c:18573:13)
    at runWithFiberInDEV (http://localhost:1420/node_modules/.vite/deps/react-dom_client.js?v=2a95f72c:997:72)
    at commitHookEffectListUnmount (http://localhost:1420/node_modules/.vite/deps/react-dom_client.js?v=2a95f72c:9449:160)
    at commitHookPassiveUnmountEffects (http://localhost:1420/node_modules/.vite/deps/react-dom_client.js?v=2a95f72c:9468:60)
    at commitPassiveUnmountEffectsInsideOfDeletedTree_begin (http://localhost:1420/node_modules/.vite/deps/react-dom_client.js?v=2a95f72c:11593:15)
    at recursivelyTraversePassiveUnmountEffects (http://localhost:1420/node_modules/.vite/deps/react-dom_client.js?v=2a95f72c:11465:15)
    at commitPassiveUnmountOnFiber (http://localhost:1420/node_modules/.vite/deps/react-dom_client.js?v=2a95f72c:11516:13)
[ 3617913ms] TypeError: Cannot read properties of undefined (reading 'unregisterListener')
    at _unlisten (http://localhost:1420/node_modules/.vite/deps/@tauri-apps_api_event.js?v=2a95f72c:26:43)
    at http://localhost:1420/node_modules/.vite/deps/@tauri-apps_api_event.js?v=2a95f72c:40:24
    at http://localhost:1420/src/screens/IssuesScreen.tsx:62:21
    at Object.react_stack_bottom_frame (http://localhost:1420/node_modules/.vite/deps/react-dom_client.js?v=2a95f72c:18573:13)
    at runWithFiberInDEV (http://localhost:1420/node_modules/.vite/deps/react-dom_client.js?v=2a95f72c:997:72)
    at commitHookEffectListUnmount (http://localhost:1420/node_modules/.vite/deps/react-dom_client.js?v=2a95f72c:9449:160)
    at commitHookPassiveUnmountEffects (http://localhost:1420/node_modules/.vite/deps/react-dom_client.js?v=2a95f72c:9468:60)
    at commitPassiveUnmountEffectsInsideOfDeletedTree_begin (http://localhost:1420/node_modules/.vite/deps/react-dom_client.js?v=2a95f72c:11593:15)
    at recursivelyTraversePassiveUnmountEffects (http://localhost:1420/node_modules/.vite/deps/react-dom_client.js?v=2a95f72c:11465:15)
    at commitPassiveUnmountOnFiber (http://localhost:1420/node_modules/.vite/deps/react-dom_client.js?v=2a95f72c:11516:13)
[ 3617913ms] TypeError: Cannot read properties of undefined (reading 'unregisterListener')
    at _unlisten (http://localhost:1420/node_modules/.vite/deps/@tauri-apps_api_event.js?v=2a95f72c:26:43)
    at http://localhost:1420/node_modules/.vite/deps/@tauri-apps_api_event.js?v=2a95f72c:40:24
    at http://localhost:1420/src/screens/IssuesScreen.tsx:63:20
    at Object.react_stack_bottom_frame (http://localhost:1420/node_modules/.vite/deps/react-dom_client.js?v=2a95f72c:18573:13)
    at runWithFiberInDEV (http://localhost:1420/node_modules/.vite/deps/react-dom_client.js?v=2a95f72c:997:72)
    at commitHookEffectListUnmount (http://localhost:1420/node_modules/.vite/deps/react-dom_client.js?v=2a95f72c:9449:160)
    at commitHookPassiveUnmountEffects (http://localhost:1420/node_modules/.vite/deps/react-dom_client.js?v=2a95f72c:9468:60)
    at commitPassiveUnmountEffectsInsideOfDeletedTree_begin (http://localhost:1420/node_modules/.vite/deps/react-dom_client.js?v=2a95f72c:11593:15)
    at recursivelyTraversePassiveUnmountEffects (http://localhost:1420/node_modules/.vite/deps/react-dom_client.js?v=2a95f72c:11465:15)
    at commitPassiveUnmountOnFiber (http://localhost:1420/node_modules/.vite/deps/react-dom_client.js?v=2a95f72c:11516:13)
[ 3618808ms] TypeError: Cannot read properties of undefined (reading 'unregisterListener')
    at _unlisten (http://localhost:1420/node_modules/.vite/deps/@tauri-apps_api_event.js?v=2a95f72c:26:43)
    at http://localhost:1420/node_modules/.vite/deps/@tauri-apps_api_event.js?v=2a95f72c:40:24
    at Object.current (http://localhost:1420/src/stores/prStore.ts:166:30)
    at http://localhost:1420/src/screens/PRScreen.tsx:527:39
    at Object.react_stack_bottom_frame (http://localhost:1420/node_modules/.vite/deps/react-dom_client.js?v=2a95f72c:18573:13)
    at runWithFiberInDEV (http://localhost:1420/node_modules/.vite/deps/react-dom_client.js?v=2a95f72c:997:72)
    at commitHookEffectListUnmount (http://localhost:1420/node_modules/.vite/deps/react-dom_client.js?v=2a95f72c:9449:160)
    at commitHookPassiveUnmountEffects (http://localhost:1420/node_modules/.vite/deps/react-dom_client.js?v=2a95f72c:9468:60)
    at commitPassiveUnmountEffectsInsideOfDeletedTree_begin (http://localhost:1420/node_modules/.vite/deps/react-dom_client.js?v=2a95f72c:11593:15)
    at recursivelyTraversePassiveUnmountEffects (http://localhost:1420/node_modules/.vite/deps/react-dom_client.js?v=2a95f72c:11465:15)
[ 3623485ms] TypeError: Cannot read properties of undefined (reading 'unregisterListener')
    at _unlisten (http://localhost:1420/node_modules/.vite/deps/@tauri-apps_api_event.js?v=2a95f72c:26:43)
    at http://localhost:1420/node_modules/.vite/deps/@tauri-apps_api_event.js?v=2a95f72c:40:24
    at http://localhost:1420/src/screens/SettingsScreen.tsx:49:29
    at Object.react_stack_bottom_frame (http://localhost:1420/node_modules/.vite/deps/react-dom_client.js?v=2a95f72c:18573:13)
    at runWithFiberInDEV (http://localhost:1420/node_modules/.vite/deps/react-dom_client.js?v=2a95f72c:997:72)
    at commitHookEffectListUnmount (http://localhost:1420/node_modules/.vite/deps/react-dom_client.js?v=2a95f72c:9449:160)
    at commitHookPassiveUnmountEffects (http://localhost:1420/node_modules/.vite/deps/react-dom_client.js?v=2a95f72c:9468:60)
    at commitPassiveUnmountEffectsInsideOfDeletedTree_begin (http://localhost:1420/node_modules/.vite/deps/react-dom_client.js?v=2a95f72c:11593:15)
    at recursivelyTraversePassiveUnmountEffects (http://localhost:1420/node_modules/.vite/deps/react-dom_client.js?v=2a95f72c:11465:15)
    at commitPassiveUnmountOnFiber (http://localhost:1420/node_modules/.vite/deps/react-dom_client.js?v=2a95f72c:11516:13)
[ 3629452ms] TypeError: Cannot read properties of undefined (reading 'unregisterListener')
    at _unlisten (http://localhost:1420/node_modules/.vite/deps/@tauri-apps_api_event.js?v=2a95f72c:26:43)
    at http://localhost:1420/node_modules/.vite/deps/@tauri-apps_api_event.js?v=2a95f72c:40:24
    at Object.current (http://localhost:1420/src/stores/prStore.ts:166:30)
    at http://localhost:1420/src/screens/PRScreen.tsx:527:39
    at Object.react_stack_bottom_frame (http://localhost:1420/node_modules/.vite/deps/react-dom_client.js?v=2a95f72c:18573:13)
    at runWithFiberInDEV (http://localhost:1420/node_modules/.vite/deps/react-dom_client.js?v=2a95f72c:997:72)
    at commitHookEffectListUnmount (http://localhost:1420/node_modules/.vite/deps/react-dom_client.js?v=2a95f72c:9449:160)
    at commitHookPassiveUnmountEffects (http://localhost:1420/node_modules/.vite/deps/react-dom_client.js?v=2a95f72c:9468:60)
    at commitPassiveUnmountEffectsInsideOfDeletedTree_begin (http://localhost:1420/node_modules/.vite/deps/react-dom_client.js?v=2a95f72c:11593:15)
    at recursivelyTraversePassiveUnmountEffects (http://localhost:1420/node_modules/.vite/deps/react-dom_client.js?v=2a95f72c:11465:15)
[ 3794254ms] TypeError: Cannot read properties of undefined (reading 'unregisterListener')
    at _unlisten (http://localhost:1420/node_modules/.vite/deps/@tauri-apps_api_event.js?v=2a95f72c:26:43)
    at http://localhost:1420/node_modules/.vite/deps/@tauri-apps_api_event.js?v=2a95f72c:40:24
    at http://localhost:1420/src/screens/EditorScreen.tsx:44:27
    at Object.react_stack_bottom_frame (http://localhost:1420/node_modules/.vite/deps/react-dom_client.js?v=2a95f72c:18573:13)
    at runWithFiberInDEV (http://localhost:1420/node_modules/.vite/deps/react-dom_client.js?v=2a95f72c:997:72)
    at commitHookEffectListUnmount (http://localhost:1420/node_modules/.vite/deps/react-dom_client.js?v=2a95f72c:9449:160)
    at commitHookPassiveUnmountEffects (http://localhost:1420/node_modules/.vite/deps/react-dom_client.js?v=2a95f72c:9468:60)
    at commitPassiveUnmountEffectsInsideOfDeletedTree_begin (http://localhost:1420/node_modules/.vite/deps/react-dom_client.js?v=2a95f72c:11593:15)
    at recursivelyTraversePassiveUnmountEffects (http://localhost:1420/node_modules/.vite/deps/react-dom_client.js?v=2a95f72c:11465:15)
    at commitPassiveUnmountOnFiber (http://localhost:1420/node_modules/.vite/deps/react-dom_client.js?v=2a95f72c:11516:13)
[ 3809119ms] TypeError: Cannot read properties of undefined (reading 'unregisterListener')
    at _unlisten (http://localhost:1420/node_modules/.vite/deps/@tauri-apps_api_event.js?v=2a95f72c:26:43)
    at http://localhost:1420/node_modules/.vite/deps/@tauri-apps_api_event.js?v=2a95f72c:40:24
    at http://localhost:1420/src/screens/IssuesScreen.tsx?t=1773025650328:62:21
    at Object.react_stack_bottom_frame (http://localhost:1420/node_modules/.vite/deps/react-dom_client.js?v=2a95f72c:18573:13)
    at runWithFiberInDEV (http://localhost:1420/node_modules/.vite/deps/react-dom_client.js?v=2a95f72c:997:72)
    at commitHookEffectListUnmount (http://localhost:1420/node_modules/.vite/deps/react-dom_client.js?v=2a95f72c:9449:160)
    at commitHookPassiveUnmountEffects (http://localhost:1420/node_modules/.vite/deps/react-dom_client.js?v=2a95f72c:9468:60)
    at commitPassiveUnmountEffectsInsideOfDeletedTree_begin (http://localhost:1420/node_modules/.vite/deps/react-dom_client.js?v=2a95f72c:11593:15)
    at recursivelyTraversePassiveUnmountEffects (http://localhost:1420/node_modules/.vite/deps/react-dom_client.js?v=2a95f72c:11465:15)
    at commitPassiveUnmountOnFiber (http://localhost:1420/node_modules/.vite/deps/react-dom_client.js?v=2a95f72c:11516:13)
[ 3809119ms] TypeError: Cannot read properties of undefined (reading 'unregisterListener')
    at _unlisten (http://localhost:1420/node_modules/.vite/deps/@tauri-apps_api_event.js?v=2a95f72c:26:43)
    at http://localhost:1420/node_modules/.vite/deps/@tauri-apps_api_event.js?v=2a95f72c:40:24
    at http://localhost:1420/src/screens/IssuesScreen.tsx?t=1773025650328:63:20
    at Object.react_stack_bottom_frame (http://localhost:1420/node_modules/.vite/deps/react-dom_client.js?v=2a95f72c:18573:13)
    at runWithFiberInDEV (http://localhost:1420/node_modules/.vite/deps/react-dom_client.js?v=2a95f72c:997:72)
    at commitHookEffectListUnmount (http://localhost:1420/node_modules/.vite/deps/react-dom_client.js?v=2a95f72c:9449:160)
    at commitHookPassiveUnmountEffects (http://localhost:1420/node_modules/.vite/deps/react-dom_client.js?v=2a95f72c:9468:60)
    at commitPassiveUnmountEffectsInsideOfDeletedTree_begin (http://localhost:1420/node_modules/.vite/deps/react-dom_client.js?v=2a95f72c:11593:15)
    at recursivelyTraversePassiveUnmountEffects (http://localhost:1420/node_modules/.vite/deps/react-dom_client.js?v=2a95f72c:11465:15)
    at commitPassiveUnmountOnFiber (http://localhost:1420/node_modules/.vite/deps/react-dom_client.js?v=2a95f72c:11516:13)
[ 5584400ms] TypeError: Cannot read properties of undefined (reading 'unregisterListener')
    at _unlisten (http://localhost:1420/node_modules/.vite/deps/@tauri-apps_api_event.js?v=61ebe3cb:26:43)
    at http://localhost:1420/node_modules/.vite/deps/@tauri-apps_api_event.js?v=61ebe3cb:40:24
    at http://localhost:1420/src/screens/EditorScreen.tsx:44:27
    at Object.react_stack_bottom_frame (http://localhost:1420/node_modules/.vite/deps/react-dom_client.js?v=6fbbc6d7:18573:13)
    at runWithFiberInDEV (http://localhost:1420/node_modules/.vite/deps/react-dom_client.js?v=6fbbc6d7:997:72)
    at commitHookEffectListUnmount (http://localhost:1420/node_modules/.vite/deps/react-dom_client.js?v=6fbbc6d7:9449:160)
    at commitHookPassiveUnmountEffects (http://localhost:1420/node_modules/.vite/deps/react-dom_client.js?v=6fbbc6d7:9468:60)
    at commitPassiveUnmountEffectsInsideOfDeletedTree_begin (http://localhost:1420/node_modules/.vite/deps/react-dom_client.js?v=6fbbc6d7:11593:15)
    at recursivelyTraversePassiveUnmountEffects (http://localhost:1420/node_modules/.vite/deps/react-dom_client.js?v=6fbbc6d7:11465:15)
    at commitPassiveUnmountOnFiber (http://localhost:1420/node_modules/.vite/deps/react-dom_client.js?v=6fbbc6d7:11516:13)
[ 5809230ms] TypeError: Cannot read properties of undefined (reading 'unregisterListener')
    at _unlisten (http://localhost:1420/node_modules/.vite/deps/@tauri-apps_api_event.js?v=61ebe3cb:26:43)
    at http://localhost:1420/node_modules/.vite/deps/@tauri-apps_api_event.js?v=61ebe3cb:40:24
    at http://localhost:1420/src/screens/EditorScreen.tsx:44:27
    at Object.react_stack_bottom_frame (http://localhost:1420/node_modules/.vite/deps/react-dom_client.js?v=6fbbc6d7:18573:13)
    at runWithFiberInDEV (http://localhost:1420/node_modules/.vite/deps/react-dom_client.js?v=6fbbc6d7:997:72)
    at commitHookEffectListUnmount (http://localhost:1420/node_modules/.vite/deps/react-dom_client.js?v=6fbbc6d7:9449:160)
    at commitHookPassiveUnmountEffects (http://localhost:1420/node_modules/.vite/deps/react-dom_client.js?v=6fbbc6d7:9468:60)
    at commitPassiveUnmountEffectsInsideOfDeletedTree_begin (http://localhost:1420/node_modules/.vite/deps/react-dom_client.js?v=6fbbc6d7:11593:15)
    at recursivelyTraversePassiveUnmountEffects (http://localhost:1420/node_modules/.vite/deps/react-dom_client.js?v=6fbbc6d7:11465:15)
    at commitPassiveUnmountOnFiber (http://localhost:1420/node_modules/.vite/deps/react-dom_client.js?v=6fbbc6d7:11516:13)
[ 7419525ms] TypeError: Cannot read properties of undefined (reading 'unregisterListener')
    at _unlisten (http://localhost:1420/node_modules/.vite/deps/@tauri-apps_api_event.js?v=61ebe3cb:26:43)
    at http://localhost:1420/node_modules/.vite/deps/@tauri-apps_api_event.js?v=61ebe3cb:40:24
    at http://localhost:1420/src/screens/EditorScreen.tsx:44:27
    at Object.react_stack_bottom_frame (http://localhost:1420/node_modules/.vite/deps/react-dom_client.js?v=6fbbc6d7:18573:13)
    at runWithFiberInDEV (http://localhost:1420/node_modules/.vite/deps/react-dom_client.js?v=6fbbc6d7:997:72)
    at commitHookEffectListUnmount (http://localhost:1420/node_modules/.vite/deps/react-dom_client.js?v=6fbbc6d7:9449:160)
    at commitHookPassiveUnmountEffects (http://localhost:1420/node_modules/.vite/deps/react-dom_client.js?v=6fbbc6d7:9468:60)
    at commitPassiveUnmountEffectsInsideOfDeletedTree_begin (http://localhost:1420/node_modules/.vite/deps/react-dom_client.js?v=6fbbc6d7:11593:15)
    at recursivelyTraversePassiveUnmountEffects (http://localhost:1420/node_modules/.vite/deps/react-dom_client.js?v=6fbbc6d7:11465:15)
    at commitPassiveUnmountOnFiber (http://localhost:1420/node_modules/.vite/deps/react-dom_client.js?v=6fbbc6d7:11516:13)
[ 7420335ms] TypeError: Cannot read properties of undefined (reading 'unregisterListener')
    at _unlisten (http://localhost:1420/node_modules/.vite/deps/@tauri-apps_api_event.js?v=61ebe3cb:26:43)
    at http://localhost:1420/node_modules/.vite/deps/@tauri-apps_api_event.js?v=61ebe3cb:40:24
    at http://localhost:1420/src/screens/IssuesScreen.tsx:62:21
    at Object.react_stack_bottom_frame (http://localhost:1420/node_modules/.vite/deps/react-dom_client.js?v=6fbbc6d7:18573:13)
    at runWithFiberInDEV (http://localhost:1420/node_modules/.vite/deps/react-dom_client.js?v=6fbbc6d7:997:72)
    at commitHookEffectListUnmount (http://localhost:1420/node_modules/.vite/deps/react-dom_client.js?v=6fbbc6d7:9449:160)
    at commitHookPassiveUnmountEffects (http://localhost:1420/node_modules/.vite/deps/react-dom_client.js?v=6fbbc6d7:9468:60)
    at commitPassiveUnmountEffectsInsideOfDeletedTree_begin (http://localhost:1420/node_modules/.vite/deps/react-dom_client.js?v=6fbbc6d7:11593:15)
    at recursivelyTraversePassiveUnmountEffects (http://localhost:1420/node_modules/.vite/deps/react-dom_client.js?v=6fbbc6d7:11465:15)
    at commitPassiveUnmountOnFiber (http://localhost:1420/node_modules/.vite/deps/react-dom_client.js?v=6fbbc6d7:11516:13)
[ 7420335ms] TypeError: Cannot read properties of undefined (reading 'unregisterListener')
    at _unlisten (http://localhost:1420/node_modules/.vite/deps/@tauri-apps_api_event.js?v=61ebe3cb:26:43)
    at http://localhost:1420/node_modules/.vite/deps/@tauri-apps_api_event.js?v=61ebe3cb:40:24
    at http://localhost:1420/src/screens/IssuesScreen.tsx:63:20
    at Object.react_stack_bottom_frame (http://localhost:1420/node_modules/.vite/deps/react-dom_client.js?v=6fbbc6d7:18573:13)
    at runWithFiberInDEV (http://localhost:1420/node_modules/.vite/deps/react-dom_client.js?v=6fbbc6d7:997:72)
    at commitHookEffectListUnmount (http://localhost:1420/node_modules/.vite/deps/react-dom_client.js?v=6fbbc6d7:9449:160)
    at commitHookPassiveUnmountEffects (http://localhost:1420/node_modules/.vite/deps/react-dom_client.js?v=6fbbc6d7:9468:60)
    at commitPassiveUnmountEffectsInsideOfDeletedTree_begin (http://localhost:1420/node_modules/.vite/deps/react-dom_client.js?v=6fbbc6d7:11593:15)
    at recursivelyTraversePassiveUnmountEffects (http://localhost:1420/node_modules/.vite/deps/react-dom_client.js?v=6fbbc6d7:11465:15)
    at commitPassiveUnmountOnFiber (http://localhost:1420/node_modules/.vite/deps/react-dom_client.js?v=6fbbc6d7:11516:13)
[ 7421274ms] TypeError: Cannot read properties of undefined (reading 'unregisterListener')
    at _unlisten (http://localhost:1420/node_modules/.vite/deps/@tauri-apps_api_event.js?v=61ebe3cb:26:43)
    at http://localhost:1420/node_modules/.vite/deps/@tauri-apps_api_event.js?v=61ebe3cb:40:24
    at Object.current (http://localhost:1420/src/stores/prStore.ts:166:30)
    at http://localhost:1420/src/screens/PRScreen.tsx:527:39
    at Object.react_stack_bottom_frame (http://localhost:1420/node_modules/.vite/deps/react-dom_client.js?v=6fbbc6d7:18573:13)
    at runWithFiberInDEV (http://localhost:1420/node_modules/.vite/deps/react-dom_client.js?v=6fbbc6d7:997:72)
    at commitHookEffectListUnmount (http://localhost:1420/node_modules/.vite/deps/react-dom_client.js?v=6fbbc6d7:9449:160)
    at commitHookPassiveUnmountEffects (http://localhost:1420/node_modules/.vite/deps/react-dom_client.js?v=6fbbc6d7:9468:60)
    at commitPassiveUnmountEffectsInsideOfDeletedTree_begin (http://localhost:1420/node_modules/.vite/deps/react-dom_client.js?v=6fbbc6d7:11593:15)
    at recursivelyTraversePassiveUnmountEffects (http://localhost:1420/node_modules/.vite/deps/react-dom_client.js?v=6fbbc6d7:11465:15)
[ 7431071ms] TypeError: Cannot read properties of undefined (reading 'unregisterListener')
    at _unlisten (http://localhost:1420/node_modules/.vite/deps/@tauri-apps_api_event.js?v=61ebe3cb:26:43)
    at http://localhost:1420/node_modules/.vite/deps/@tauri-apps_api_event.js?v=61ebe3cb:40:24
    at http://localhost:1420/src/screens/IssuesScreen.tsx:62:21
    at Object.react_stack_bottom_frame (http://localhost:1420/node_modules/.vite/deps/react-dom_client.js?v=6fbbc6d7:18573:13)
    at runWithFiberInDEV (http://localhost:1420/node_modules/.vite/deps/react-dom_client.js?v=6fbbc6d7:997:72)
    at commitHookEffectListUnmount (http://localhost:1420/node_modules/.vite/deps/react-dom_client.js?v=6fbbc6d7:9449:160)
    at commitHookPassiveUnmountEffects (http://localhost:1420/node_modules/.vite/deps/react-dom_client.js?v=6fbbc6d7:9468:60)
    at commitPassiveUnmountEffectsInsideOfDeletedTree_begin (http://localhost:1420/node_modules/.vite/deps/react-dom_client.js?v=6fbbc6d7:11593:15)
    at recursivelyTraversePassiveUnmountEffects (http://localhost:1420/node_modules/.vite/deps/react-dom_client.js?v=6fbbc6d7:11465:15)
    at commitPassiveUnmountOnFiber (http://localhost:1420/node_modules/.vite/deps/react-dom_client.js?v=6fbbc6d7:11516:13)
[ 7431071ms] TypeError: Cannot read properties of undefined (reading 'unregisterListener')
    at _unlisten (http://localhost:1420/node_modules/.vite/deps/@tauri-apps_api_event.js?v=61ebe3cb:26:43)
    at http://localhost:1420/node_modules/.vite/deps/@tauri-apps_api_event.js?v=61ebe3cb:40:24
    at http://localhost:1420/src/screens/IssuesScreen.tsx:63:20
    at Object.react_stack_bottom_frame (http://localhost:1420/node_modules/.vite/deps/react-dom_client.js?v=6fbbc6d7:18573:13)
    at runWithFiberInDEV (http://localhost:1420/node_modules/.vite/deps/react-dom_client.js?v=6fbbc6d7:997:72)
    at commitHookEffectListUnmount (http://localhost:1420/node_modules/.vite/deps/react-dom_client.js?v=6fbbc6d7:9449:160)
    at commitHookPassiveUnmountEffects (http://localhost:1420/node_modules/.vite/deps/react-dom_client.js?v=6fbbc6d7:9468:60)
    at commitPassiveUnmountEffectsInsideOfDeletedTree_begin (http://localhost:1420/node_modules/.vite/deps/react-dom_client.js?v=6fbbc6d7:11593:15)
    at recursivelyTraversePassiveUnmountEffects (http://localhost:1420/node_modules/.vite/deps/react-dom_client.js?v=6fbbc6d7:11465:15)
    at commitPassiveUnmountOnFiber (http://localhost:1420/node_modules/.vite/deps/react-dom_client.js?v=6fbbc6d7:11516:13)
[ 7431937ms] TypeError: Cannot read properties of undefined (reading 'unregisterListener')
    at _unlisten (http://localhost:1420/node_modules/.vite/deps/@tauri-apps_api_event.js?v=61ebe3cb:26:43)
    at http://localhost:1420/node_modules/.vite/deps/@tauri-apps_api_event.js?v=61ebe3cb:40:24
    at Object.current (http://localhost:1420/src/stores/prStore.ts:166:30)
    at http://localhost:1420/src/screens/PRScreen.tsx:527:39
    at Object.react_stack_bottom_frame (http://localhost:1420/node_modules/.vite/deps/react-dom_client.js?v=6fbbc6d7:18573:13)
    at runWithFiberInDEV (http://localhost:1420/node_modules/.vite/deps/react-dom_client.js?v=6fbbc6d7:997:72)
    at commitHookEffectListUnmount (http://localhost:1420/node_modules/.vite/deps/react-dom_client.js?v=6fbbc6d7:9449:160)
    at commitHookPassiveUnmountEffects (http://localhost:1420/node_modules/.vite/deps/react-dom_client.js?v=6fbbc6d7:9468:60)
    at commitPassiveUnmountEffectsInsideOfDeletedTree_begin (http://localhost:1420/node_modules/.vite/deps/react-dom_client.js?v=6fbbc6d7:11593:15)
    at recursivelyTraversePassiveUnmountEffects (http://localhost:1420/node_modules/.vite/deps/react-dom_client.js?v=6fbbc6d7:11465:15)
[ 7445004ms] TypeError: Cannot read properties of undefined (reading 'unregisterListener')
    at _unlisten (http://localhost:1420/node_modules/.vite/deps/@tauri-apps_api_event.js?v=61ebe3cb:26:43)
    at http://localhost:1420/node_modules/.vite/deps/@tauri-apps_api_event.js?v=61ebe3cb:40:24
    at Object.current (http://localhost:1420/src/stores/prStore.ts:166:30)
    at http://localhost:1420/src/screens/PRScreen.tsx:527:39
    at Object.react_stack_bottom_frame (http://localhost:1420/node_modules/.vite/deps/react-dom_client.js?v=6fbbc6d7:18573:13)
    at runWithFiberInDEV (http://localhost:1420/node_modules/.vite/deps/react-dom_client.js?v=6fbbc6d7:997:72)
    at commitHookEffectListUnmount (http://localhost:1420/node_modules/.vite/deps/react-dom_client.js?v=6fbbc6d7:9449:160)
    at commitHookPassiveUnmountEffects (http://localhost:1420/node_modules/.vite/deps/react-dom_client.js?v=6fbbc6d7:9468:60)
    at commitPassiveUnmountEffectsInsideOfDeletedTree_begin (http://localhost:1420/node_modules/.vite/deps/react-dom_client.js?v=6fbbc6d7:11593:15)
    at recursivelyTraversePassiveUnmountEffects (http://localhost:1420/node_modules/.vite/deps/react-dom_client.js?v=6fbbc6d7:11465:15)
[ 8495240ms] TypeError: Cannot read properties of undefined (reading 'unregisterListener')
    at _unlisten (http://localhost:1420/node_modules/.vite/deps/@tauri-apps_api_event.js?v=61ebe3cb:26:43)
    at http://localhost:1420/node_modules/.vite/deps/@tauri-apps_api_event.js?v=61ebe3cb:40:24
    at http://localhost:1420/src/screens/EditorScreen.tsx:44:27
    at Object.react_stack_bottom_frame (http://localhost:1420/node_modules/.vite/deps/react-dom_client.js?v=6fbbc6d7:18573:13)
    at runWithFiberInDEV (http://localhost:1420/node_modules/.vite/deps/react-dom_client.js?v=6fbbc6d7:997:72)
    at commitHookEffectListUnmount (http://localhost:1420/node_modules/.vite/deps/react-dom_client.js?v=6fbbc6d7:9449:160)
    at commitHookPassiveUnmountEffects (http://localhost:1420/node_modules/.vite/deps/react-dom_client.js?v=6fbbc6d7:9468:60)
    at commitPassiveUnmountEffectsInsideOfDeletedTree_begin (http://localhost:1420/node_modules/.vite/deps/react-dom_client.js?v=6fbbc6d7:11593:15)
    at recursivelyTraversePassiveUnmountEffects (http://localhost:1420/node_modules/.vite/deps/react-dom_client.js?v=6fbbc6d7:11465:15)
    at commitPassiveUnmountOnFiber (http://localhost:1420/node_modules/.vite/deps/react-dom_client.js?v=6fbbc6d7:11516:13)
[ 8497519ms] TypeError: Cannot read properties of undefined (reading 'unregisterListener')
    at _unlisten (http://localhost:1420/node_modules/.vite/deps/@tauri-apps_api_event.js?v=61ebe3cb:26:43)
    at http://localhost:1420/node_modules/.vite/deps/@tauri-apps_api_event.js?v=61ebe3cb:40:24
    at http://localhost:1420/src/screens/EditorScreen.tsx?t=1773030484029:45:27
    at Object.react_stack_bottom_frame (http://localhost:1420/node_modules/.vite/deps/react-dom_client.js?v=6fbbc6d7:18573:13)
    at runWithFiberInDEV (http://localhost:1420/node_modules/.vite/deps/react-dom_client.js?v=6fbbc6d7:997:72)
    at commitHookEffectListUnmount (http://localhost:1420/node_modules/.vite/deps/react-dom_client.js?v=6fbbc6d7:9449:160)
    at commitHookPassiveUnmountEffects (http://localhost:1420/node_modules/.vite/deps/react-dom_client.js?v=6fbbc6d7:9468:60)
    at commitPassiveUnmountEffectsInsideOfDeletedTree_begin (http://localhost:1420/node_modules/.vite/deps/react-dom_client.js?v=6fbbc6d7:11593:15)
    at recursivelyTraversePassiveUnmountEffects (http://localhost:1420/node_modules/.vite/deps/react-dom_client.js?v=6fbbc6d7:11465:15)
    at commitPassiveUnmountOnFiber (http://localhost:1420/node_modules/.vite/deps/react-dom_client.js?v=6fbbc6d7:11516:13)
[ 8506832ms] TypeError: Cannot read properties of undefined (reading 'unregisterListener')
    at _unlisten (http://localhost:1420/node_modules/.vite/deps/@tauri-apps_api_event.js?v=61ebe3cb:26:43)
    at http://localhost:1420/node_modules/.vite/deps/@tauri-apps_api_event.js?v=61ebe3cb:40:24
    at http://localhost:1420/src/screens/IssuesScreen.tsx:62:21
    at Object.react_stack_bottom_frame (http://localhost:1420/node_modules/.vite/deps/react-dom_client.js?v=6fbbc6d7:18573:13)
    at runWithFiberInDEV (http://localhost:1420/node_modules/.vite/deps/react-dom_client.js?v=6fbbc6d7:997:72)
    at commitHookEffectListUnmount (http://localhost:1420/node_modules/.vite/deps/react-dom_client.js?v=6fbbc6d7:9449:160)
    at commitHookPassiveUnmountEffects (http://localhost:1420/node_modules/.vite/deps/react-dom_client.js?v=6fbbc6d7:9468:60)
    at commitPassiveUnmountEffectsInsideOfDeletedTree_begin (http://localhost:1420/node_modules/.vite/deps/react-dom_client.js?v=6fbbc6d7:11593:15)
    at recursivelyTraversePassiveUnmountEffects (http://localhost:1420/node_modules/.vite/deps/react-dom_client.js?v=6fbbc6d7:11465:15)
    at commitPassiveUnmountOnFiber (http://localhost:1420/node_modules/.vite/deps/react-dom_client.js?v=6fbbc6d7:11516:13)
[ 8506833ms] TypeError: Cannot read properties of undefined (reading 'unregisterListener')
    at _unlisten (http://localhost:1420/node_modules/.vite/deps/@tauri-apps_api_event.js?v=61ebe3cb:26:43)
    at http://localhost:1420/node_modules/.vite/deps/@tauri-apps_api_event.js?v=61ebe3cb:40:24
    at http://localhost:1420/src/screens/IssuesScreen.tsx:63:20
    at Object.react_stack_bottom_frame (http://localhost:1420/node_modules/.vite/deps/react-dom_client.js?v=6fbbc6d7:18573:13)
    at runWithFiberInDEV (http://localhost:1420/node_modules/.vite/deps/react-dom_client.js?v=6fbbc6d7:997:72)
    at commitHookEffectListUnmount (http://localhost:1420/node_modules/.vite/deps/react-dom_client.js?v=6fbbc6d7:9449:160)
    at commitHookPassiveUnmountEffects (http://localhost:1420/node_modules/.vite/deps/react-dom_client.js?v=6fbbc6d7:9468:60)
    at commitPassiveUnmountEffectsInsideOfDeletedTree_begin (http://localhost:1420/node_modules/.vite/deps/react-dom_client.js?v=6fbbc6d7:11593:15)
    at recursivelyTraversePassiveUnmountEffects (http://localhost:1420/node_modules/.vite/deps/react-dom_client.js?v=6fbbc6d7:11465:15)
    at commitPassiveUnmountOnFiber (http://localhost:1420/node_modules/.vite/deps/react-dom_client.js?v=6fbbc6d7:11516:13)
[ 8509305ms] [ERROR] Failed to load resource: the server responded with a status of 500 (Internal Server Error) @ http://localhost:1420/src/screens/EditorScreen.tsx?t=1773030498112:0
[ 8509306ms] [ERROR] [vite] Failed to reload /src/screens/EditorScreen.tsx. This could be due to syntax errors or importing non-existent modules. (see errors above) @ http://localhost:1420/@vite/client:808
[11050700ms] TypeError: Cannot read properties of undefined (reading 'unregisterListener')
    at _unlisten (http://localhost:1420/node_modules/.vite/deps/@tauri-apps_api_event.js?v=61ebe3cb:26:43)
    at http://localhost:1420/node_modules/.vite/deps/@tauri-apps_api_event.js?v=61ebe3cb:40:24
    at http://localhost:1420/src/screens/EditorScreen.tsx?t=1773030606991:46:27
    at Object.react_stack_bottom_frame (http://localhost:1420/node_modules/.vite/deps/react-dom_client.js?v=6fbbc6d7:18573:13)
    at runWithFiberInDEV (http://localhost:1420/node_modules/.vite/deps/react-dom_client.js?v=6fbbc6d7:997:72)
    at commitHookEffectListUnmount (http://localhost:1420/node_modules/.vite/deps/react-dom_client.js?v=6fbbc6d7:9449:160)
    at commitHookPassiveUnmountEffects (http://localhost:1420/node_modules/.vite/deps/react-dom_client.js?v=6fbbc6d7:9468:60)
    at commitPassiveUnmountEffectsInsideOfDeletedTree_begin (http://localhost:1420/node_modules/.vite/deps/react-dom_client.js?v=6fbbc6d7:11593:15)
    at recursivelyTraversePassiveUnmountEffects (http://localhost:1420/node_modules/.vite/deps/react-dom_client.js?v=6fbbc6d7:11465:15)
    at commitPassiveUnmountOnFiber (http://localhost:1420/node_modules/.vite/deps/react-dom_client.js?v=6fbbc6d7:11516:13)
[11397517ms] TypeError: Cannot read properties of undefined (reading 'unregisterListener')
    at _unlisten (http://localhost:1420/node_modules/.vite/deps/@tauri-apps_api_event.js?v=61ebe3cb:26:43)
    at http://localhost:1420/node_modules/.vite/deps/@tauri-apps_api_event.js?v=61ebe3cb:40:24
    at http://localhost:1420/src/screens/EditorScreen.tsx?t=1773033057971:48:27
    at Object.react_stack_bottom_frame (http://localhost:1420/node_modules/.vite/deps/react-dom_client.js?v=6fbbc6d7:18573:13)
    at runWithFiberInDEV (http://localhost:1420/node_modules/.vite/deps/react-dom_client.js?v=6fbbc6d7:997:72)
    at commitHookEffectListUnmount (http://localhost:1420/node_modules/.vite/deps/react-dom_client.js?v=6fbbc6d7:9449:160)
    at commitHookPassiveUnmountEffects (http://localhost:1420/node_modules/.vite/deps/react-dom_client.js?v=6fbbc6d7:9468:60)
    at commitPassiveUnmountEffectsInsideOfDeletedTree_begin (http://localhost:1420/node_modules/.vite/deps/react-dom_client.js?v=6fbbc6d7:11593:15)
    at recursivelyTraversePassiveUnmountEffects (http://localhost:1420/node_modules/.vite/deps/react-dom_client.js?v=6fbbc6d7:11465:15)
    at commitPassiveUnmountOnFiber (http://localhost:1420/node_modules/.vite/deps/react-dom_client.js?v=6fbbc6d7:11516:13)
[17361487ms] TypeError: Cannot read properties of undefined (reading 'unregisterListener')
    at _unlisten (http://localhost:1420/node_modules/.vite/deps/@tauri-apps_api_event.js?v=61ebe3cb:26:43)
    at http://localhost:1420/node_modules/.vite/deps/@tauri-apps_api_event.js?v=61ebe3cb:40:24
    at http://localhost:1420/src/screens/EditorScreen.tsx?t=1773033399695:48:27
    at Object.react_stack_bottom_frame (http://localhost:1420/node_modules/.vite/deps/react-dom_client.js?v=6fbbc6d7:18573:13)
    at runWithFiberInDEV (http://localhost:1420/node_modules/.vite/deps/react-dom_client.js?v=6fbbc6d7:997:72)
    at commitHookEffectListUnmount (http://localhost:1420/node_modules/.vite/deps/react-dom_client.js?v=6fbbc6d7:9449:160)
    at commitHookPassiveUnmountEffects (http://localhost:1420/node_modules/.vite/deps/react-dom_client.js?v=6fbbc6d7:9468:60)
    at commitPassiveUnmountEffectsInsideOfDeletedTree_begin (http://localhost:1420/node_modules/.vite/deps/react-dom_client.js?v=6fbbc6d7:11593:15)
    at recursivelyTraversePassiveUnmountEffects (http://localhost:1420/node_modules/.vite/deps/react-dom_client.js?v=6fbbc6d7:11465:15)
    at commitPassiveUnmountOnFiber (http://localhost:1420/node_modules/.vite/deps/react-dom_client.js?v=6fbbc6d7:11516:13)
[17362580ms] TypeError: Cannot read properties of undefined (reading 'unregisterListener')
    at _unlisten (http://localhost:1420/node_modules/.vite/deps/@tauri-apps_api_event.js?v=61ebe3cb:26:43)
    at http://localhost:1420/node_modules/.vite/deps/@tauri-apps_api_event.js?v=61ebe3cb:40:24
    at Object.current (http://localhost:1420/src/stores/prStore.ts:166:30)
    at http://localhost:1420/src/screens/PRScreen.tsx:527:39
    at Object.react_stack_bottom_frame (http://localhost:1420/node_modules/.vite/deps/react-dom_client.js?v=6fbbc6d7:18573:13)
    at runWithFiberInDEV (http://localhost:1420/node_modules/.vite/deps/react-dom_client.js?v=6fbbc6d7:997:72)
    at commitHookEffectListUnmount (http://localhost:1420/node_modules/.vite/deps/react-dom_client.js?v=6fbbc6d7:9449:160)
    at commitHookPassiveUnmountEffects (http://localhost:1420/node_modules/.vite/deps/react-dom_client.js?v=6fbbc6d7:9468:60)
    at commitPassiveUnmountEffectsInsideOfDeletedTree_begin (http://localhost:1420/node_modules/.vite/deps/react-dom_client.js?v=6fbbc6d7:11593:15)
    at recursivelyTraversePassiveUnmountEffects (http://localhost:1420/node_modules/.vite/deps/react-dom_client.js?v=6fbbc6d7:11465:15)
[17363461ms] TypeError: Cannot read properties of undefined (reading 'unregisterListener')
    at _unlisten (http://localhost:1420/node_modules/.vite/deps/@tauri-apps_api_event.js?v=61ebe3cb:26:43)
    at http://localhost:1420/node_modules/.vite/deps/@tauri-apps_api_event.js?v=61ebe3cb:40:24
    at http://localhost:1420/src/screens/IssuesScreen.tsx:62:21
    at Object.react_stack_bottom_frame (http://localhost:1420/node_modules/.vite/deps/react-dom_client.js?v=6fbbc6d7:18573:13)
    at runWithFiberInDEV (http://localhost:1420/node_modules/.vite/deps/react-dom_client.js?v=6fbbc6d7:997:72)
    at commitHookEffectListUnmount (http://localhost:1420/node_modules/.vite/deps/react-dom_client.js?v=6fbbc6d7:9449:160)
    at commitHookPassiveUnmountEffects (http://localhost:1420/node_modules/.vite/deps/react-dom_client.js?v=6fbbc6d7:9468:60)
    at commitPassiveUnmountEffectsInsideOfDeletedTree_begin (http://localhost:1420/node_modules/.vite/deps/react-dom_client.js?v=6fbbc6d7:11593:15)
    at recursivelyTraversePassiveUnmountEffects (http://localhost:1420/node_modules/.vite/deps/react-dom_client.js?v=6fbbc6d7:11465:15)
    at commitPassiveUnmountOnFiber (http://localhost:1420/node_modules/.vite/deps/react-dom_client.js?v=6fbbc6d7:11516:13)
[17363461ms] TypeError: Cannot read properties of undefined (reading 'unregisterListener')
    at _unlisten (http://localhost:1420/node_modules/.vite/deps/@tauri-apps_api_event.js?v=61ebe3cb:26:43)
    at http://localhost:1420/node_modules/.vite/deps/@tauri-apps_api_event.js?v=61ebe3cb:40:24
    at http://localhost:1420/src/screens/IssuesScreen.tsx:63:20
    at Object.react_stack_bottom_frame (http://localhost:1420/node_modules/.vite/deps/react-dom_client.js?v=6fbbc6d7:18573:13)
    at runWithFiberInDEV (http://localhost:1420/node_modules/.vite/deps/react-dom_client.js?v=6fbbc6d7:997:72)
    at commitHookEffectListUnmount (http://localhost:1420/node_modules/.vite/deps/react-dom_client.js?v=6fbbc6d7:9449:160)
    at commitHookPassiveUnmountEffects (http://localhost:1420/node_modules/.vite/deps/react-dom_client.js?v=6fbbc6d7:9468:60)
    at commitPassiveUnmountEffectsInsideOfDeletedTree_begin (http://localhost:1420/node_modules/.vite/deps/react-dom_client.js?v=6fbbc6d7:11593:15)
    at recursivelyTraversePassiveUnmountEffects (http://localhost:1420/node_modules/.vite/deps/react-dom_client.js?v=6fbbc6d7:11465:15)
    at commitPassiveUnmountOnFiber (http://localhost:1420/node_modules/.vite/deps/react-dom_client.js?v=6fbbc6d7:11516:13)
